<?xml version="1.0" encoding="UTF-8"?>
<!-- Generated by org.testng.reporters.JUnitXMLReporter -->
<testsuite hostname="User" name="Test" tests="8" failures="0" timestamp="12 Oct 2018 13:27:59 GMT" time="189.027" errors="0">
  <testcase name="loginIsdisplayedTest" time="0.187" classname="com.qa.tests.Admintest"/>
  <testcase name="loginTest" time="2.623" classname="com.qa.tests.Admintest"/>
  <testcase name="TitleTest" time="0.016" classname="com.qa.tests.HomePageTest"/>
  <testcase name="DashboardTest" time="0.029" classname="com.qa.tests.HomePageTest"/>
  <testcase name="UsersTest" time="0.93" classname="com.qa.tests.HomePageTest"/>
  <testcase name="logoutTest" time="0.038" classname="com.qa.tests.HomePageTest"/>
  <testcase name="UsersAPgeTitletest" time="0.029" classname="com.qa.tests.usersPageTest"/>
  <testcase name="AddusersTest" time="0.847" classname="com.qa.tests.usersPageTest"/>
</testsuite> <!-- Test -->
